<?xml version="1.0" encoding="UTF-8"?>
<!-- Generated by org.testng.reporters.JUnitXMLReporter -->
<testsuite hostname="DESKTOP-D8HVV2R" name="Default test(failed)" tests="2" failures="1" timestamp="15 Dec 2016 22:33:51 GMT" time="5.855" errors="0">
  <testcase name="verifyGoalPageWorks" time="3.354" classname="Part6.Part6Test">
    <failure type="junit.framework.AssertionFailedError" message="Goal button didn&amp;apos;t navigate to the right page.
">
      <![CDATA[junit.framework.AssertionFailedError: Goal button didn't navigate to the right page.

	at junit.framework.Assert.fail(Assert.java:47)
	at junit.framework.Assert.assertTrue(Assert.java:20)
	at Part6.Part6Test.verifyGoalPageWorks(Part6Test.java:249)
... Removed 25 stack frames]]>
    </failure>
  </testcase> <!-- verifyGoalPageWorks -->
  <testcase name="verifyGoalElementsPresent" time="2.481" classname="Part6.Part6Test"/>
</testsuite> <!-- Default test(failed) -->
