<?xml version="1.0" encoding="UTF-8"?>
<testng-results skipped="0" failed="0" total="1" passed="1">
  <reporter-output>
  </reporter-output>
  <suite name="Default suite" duration-ms="5216" started-at="2016-12-21T21:42:14Z" finished-at="2016-12-21T21:42:19Z">
    <groups>
    </groups>
    <test name="Default test" duration-ms="5216" started-at="2016-12-21T21:42:14Z" finished-at="2016-12-21T21:42:19Z">
      <class name="Part7.Part7Test">
        <test-method status="PASS" signature="verifyActivityEndpoint()[pri:0, instance:Part7.Part7Test@e056f20]" name="verifyActivityEndpoint" duration-ms="5194" started-at="2016-12-21T14:42:14Z" finished-at="2016-12-21T14:42:19Z">
          <reporter-output>
          </reporter-output>
        </test-method> <!-- verifyActivityEndpoint -->
      </class> <!-- Part7.Part7Test -->
    </test> <!-- Default test -->
  </suite> <!-- Default suite -->
</testng-results>
